<t:test-suite xmlns:t='http://xproc.org/ns/testsuite'>
<t:title>Extension tests (Revision 633)</t:title>
<t:test href='unimpl-001.xml'/>
</t:test-suite>
